<?xml version="1.0" encoding="UTF-8"?>
<!-- Generated by org.testng.reporters.JUnitReportReporter -->
<testsuite hostname="Madhu_Sudhakar" failures="0" tests="1" name="Bajaj.Bike.AutoTest" time="49.660" errors="0" timestamp="2024-06-25T00:06:27 IST" skipped="0">
  <testcase classname="Bajaj.Bike.AutoTest" name="start" time="49.660"/>
</testsuite> <!-- Bajaj.Bike.AutoTest -->
