<?xml version="1.0" encoding="UTF-8"?>
<!-- Generated by org.testng.reporters.JUnitReportReporter -->
<testsuite hostname="Madhu_Sudhakar" failures="0" tests="1" name="Bajaj.Bike.AutoTest" time="15.193" errors="0" timestamp="2024-06-10T19:56:05 IST" skipped="0">
  <testcase classname="Bajaj.Bike.AutoTest" name="start" time="15.193"/>
</testsuite> <!-- Bajaj.Bike.AutoTest -->
