<?xml version="1.0" encoding="UTF-8"?>
<!-- Generated by org.testng.reporters.JUnitReportReporter -->
<testsuite hostname="Madhu_Sudhakar" failures="0" tests="3" name="Bajaj.Bike.BajajTest" time="47.972" errors="0" timestamp="2024-06-25T00:06:27 IST" skipped="0">
  <testcase classname="Bajaj.Bike.BajajTest" name="pulsarNs400" time="27.714"/>
  <testcase classname="Bajaj.Bike.BajajTest" name="engineStart" time="8.589"/>
  <testcase classname="Bajaj.Bike.BajajTest" name="colorCheck" time="11.669"/>
</testsuite> <!-- Bajaj.Bike.BajajTest -->
