<?xml version="1.0" encoding="UTF-8"?>
<!-- Generated by org.testng.reporters.JUnitReportReporter -->
<testsuite hostname="Madhu_Sudhakar" failures="0" tests="1" name="Bajaj.Bike.BajajTest" time="0.049" errors="0" timestamp="2024-06-21T01:31:36 IST" skipped="0">
  <testcase classname="Bajaj.Bike.BajajTest" name="pulsarNs400" time="0.049"/>
</testsuite> <!-- Bajaj.Bike.BajajTest -->
