<?xml version="1.0" encoding="UTF-8"?>
<!-- Generated by org.testng.reporters.JUnitReportReporter -->
<testsuite hostname="Madhu_Sudhakar" failures="0" tests="1" name="Bajaj.Bike.AutoTest" time="46.379" errors="0" timestamp="2024-06-27T19:33:17 IST" skipped="0">
  <testcase classname="Bajaj.Bike.AutoTest" name="start" time="46.379"/>
</testsuite> <!-- Bajaj.Bike.AutoTest -->
