<?xml version="1.0" encoding="UTF-8"?>
<!-- Generated by org.testng.reporters.JUnitReportReporter -->
<testsuite hostname="Madhu_Sudhakar" failures="0" tests="3" name="Bajaj.Bike.BajajTest" time="46.086" errors="0" timestamp="2024-06-24T00:01:41 IST" skipped="0">
  <testcase classname="Bajaj.Bike.BajajTest" name="pulsarNs400" time="26.268"/>
  <testcase classname="Bajaj.Bike.BajajTest" name="colorCheck" time="10.389"/>
  <testcase classname="Bajaj.Bike.BajajTest" name="engineStart" time="9.429"/>
</testsuite> <!-- Bajaj.Bike.BajajTest -->
