<?xml version="1.0" encoding="UTF-8"?>
<!-- Generated by org.testng.reporters.JUnitReportReporter -->
<testsuite hostname="Madhu_Sudhakar" failures="0" tests="3" name="Bajaj.Bike.AutoTest" time="20.752" errors="0" timestamp="2024-06-14T20:06:21 IST" skipped="0">
  <testcase classname="Bajaj.Bike.AutoTest" name="start" time="15.238"/>
  <testcase classname="Bajaj.Bike.AutoTest" name="removeCookieDisclaimer" time="0.094"/>
  <testcase classname="Bajaj.Bike.AutoTest" name="removeEnquiry" time="5.420"/>
</testsuite> <!-- Bajaj.Bike.AutoTest -->
