<?xml version="1.0" encoding="UTF-8"?>
<!-- Generated by org.testng.reporters.JUnitReportReporter -->
<testsuite hostname="Madhu_Sudhakar" failures="0" tests="3" name="Bajaj.Bike.BajajTest" time="49.087" errors="0" timestamp="2024-06-27T19:33:17 IST" skipped="0">
  <testcase classname="Bajaj.Bike.BajajTest" name="engineStart" time="9.701"/>
  <testcase classname="Bajaj.Bike.BajajTest" name="pulsarNs400" time="30.651"/>
  <testcase classname="Bajaj.Bike.BajajTest" name="colorCheck" time="8.735"/>
</testsuite> <!-- Bajaj.Bike.BajajTest -->
